<?xml version="1.0" encoding="UTF-8"?>
<!-- Generated by org.testng.reporters.JUnitReportReporter -->
<testsuite hostname="LAPTOP-69HIDJSL" failures="0" tests="2" name="com.MytestCases.BaseClass" time="12.089" errors="0" timestamp="2025-05-20T12:33:05 IST" skipped="1">
  <testcase classname="com.MytestCases.BaseClass" name="loginwithInvalidcredentials" time="12.089"/>
  <system-out/>
  <testcase classname="com.MytestCases.BaseClass" name="setUP">
    <skipped/>
  </testcase> <!-- setUP -->
  <system-out/>
</testsuite> <!-- com.MytestCases.BaseClass -->
